2022-11-21T04:29:04+00:00 CRITICAL Uncaught TypeError: call_user_func_array(): Argument #1 ($callback) must be a valid callback, function "wp_print_media_templates" not found or invalid function name in C:\xampp\htdocs\wordpress\wp-includes\class-wp-hook.php:307
Stack trace:
#0 C:\xampp\htdocs\wordpress\wp-includes\class-wp-hook.php(331): WP_Hook->apply_filters(NULL, Array)
#1 C:\xampp\htdocs\wordpress\wp-includes\plugin.php(476): WP_Hook->do_action(Array)
#2 C:\xampp\htdocs\wordpress\wp-includes\script-loader.php(2139): do_action('wp_print_footer...')
#3 C:\xampp\htdocs\wordpress\wp-content\plugins\user-registration\includes\admin\class-ur-admin-welcome.php(208): wp_print_footer_scripts()
#4 C:\xampp\htdocs\wordpress\wp-content\plugins\user-registration\includes\admin\class-ur-admin-welcome.php(78): UR_Admin_Welcome::setup_wizard_footer()
#5 C:\xampp\htdocs\wordpress\wp-includes\class-wp-hook.php(307): UR_Admin_Welcome::welcome_page('')
#6 C:\xampp\htdocs\wordpress\wp-includes\class-wp-hook.php(331): WP_Hook->apply_filters(NULL, Array)
#7 C:\xampp\htdocs\wordpress\wp-includes\plugin.php(476): WP_Hook->do_action(Array)
#8 C:\xampp\htdocs\wordpress\wp-admin\admin.php(175): do_action('admin_init')
#9 C:\xampp\htdocs\wordpress\wp-admin\index.php(10): require_once('C:\\xampp\\htdocs...')
#10 {main}
  thrown in C:\xampp\htdocs\wordpress\wp-includes\class-wp-hook.php on line 307

2022-11-21T04:29:17+00:00 CRITICAL Uncaught TypeError: call_user_func_array(): Argument #1 ($callback) must be a valid callback, function "wp_print_media_templates" not found or invalid function name in C:\xampp\htdocs\wordpress\wp-includes\class-wp-hook.php:307
Stack trace:
#0 C:\xampp\htdocs\wordpress\wp-includes\class-wp-hook.php(331): WP_Hook->apply_filters(NULL, Array)
#1 C:\xampp\htdocs\wordpress\wp-includes\plugin.php(476): WP_Hook->do_action(Array)
#2 C:\xampp\htdocs\wordpress\wp-includes\script-loader.php(2139): do_action('wp_print_footer...')
#3 C:\xampp\htdocs\wordpress\wp-content\plugins\user-registration\includes\admin\class-ur-admin-welcome.php(208): wp_print_footer_scripts()
#4 C:\xampp\htdocs\wordpress\wp-content\plugins\user-registration\includes\admin\class-ur-admin-welcome.php(78): UR_Admin_Welcome::setup_wizard_footer()
#5 C:\xampp\htdocs\wordpress\wp-includes\class-wp-hook.php(307): UR_Admin_Welcome::welcome_page('')
#6 C:\xampp\htdocs\wordpress\wp-includes\class-wp-hook.php(331): WP_Hook->apply_filters(NULL, Array)
#7 C:\xampp\htdocs\wordpress\wp-includes\plugin.php(476): WP_Hook->do_action(Array)
#8 C:\xampp\htdocs\wordpress\wp-admin\admin.php(175): do_action('admin_init')
#9 {main}
  thrown in C:\xampp\htdocs\wordpress\wp-includes\class-wp-hook.php on line 307

